[2022-03-14 02:49:53,155] {taskinstance.py:876} INFO - Dependencies all met for <TaskInstance: user_processing.extracting_user 2022-03-14T02:48:50.278738+00:00 [queued]>
[2022-03-14 02:49:53,159] {taskinstance.py:876} INFO - Dependencies all met for <TaskInstance: user_processing.extracting_user 2022-03-14T02:48:50.278738+00:00 [queued]>
[2022-03-14 02:49:53,159] {taskinstance.py:1067} INFO - 
--------------------------------------------------------------------------------
[2022-03-14 02:49:53,159] {taskinstance.py:1068} INFO - Starting attempt 1 of 1
[2022-03-14 02:49:53,159] {taskinstance.py:1069} INFO - 
--------------------------------------------------------------------------------
[2022-03-14 02:49:53,164] {taskinstance.py:1087} INFO - Executing <Task(SimpleHttpOperator): extracting_user> on 2022-03-14T02:48:50.278738+00:00
[2022-03-14 02:49:53,165] {standard_task_runner.py:52} INFO - Started process 14105 to run task
[2022-03-14 02:49:53,171] {standard_task_runner.py:76} INFO - Running: ['airflow', 'tasks', 'run', 'user_processing', 'extracting_user', '2022-03-14T02:48:50.278738+00:00', '--job-id', '24', '--pool', 'default_pool', '--raw', '--subdir', 'DAGS_FOLDER/user_processing.py', '--cfg-path', '/tmp/tmp8ozol1td', '--error-file', '/tmp/tmp8ephiz4a']
[2022-03-14 02:49:53,171] {standard_task_runner.py:77} INFO - Job 24: Subtask extracting_user
[2022-03-14 02:49:53,196] {logging_mixin.py:104} INFO - Running <TaskInstance: user_processing.extracting_user 2022-03-14T02:48:50.278738+00:00 [running]> on host airflowvm
[2022-03-14 02:49:53,223] {taskinstance.py:1280} INFO - Exporting the following env vars:
AIRFLOW_CTX_DAG_OWNER=airflow
AIRFLOW_CTX_DAG_ID=user_processing
AIRFLOW_CTX_TASK_ID=extracting_user
AIRFLOW_CTX_EXECUTION_DATE=2022-03-14T02:48:50.278738+00:00
AIRFLOW_CTX_DAG_RUN_ID=manual__2022-03-14T02:48:50.278738+00:00
[2022-03-14 02:49:53,223] {http.py:102} INFO - Calling HTTP method
[2022-03-14 02:49:53,226] {base.py:69} INFO - Using connection to: id: user_api. Host: https://randomuser.me/, Port: None, Schema: , Login: , Password: None, extra: {}
[2022-03-14 02:49:53,227] {http.py:129} INFO - Sending 'GET' to url: https://randomuser.me/api/
[2022-03-14 02:49:53,436] {http.py:106} INFO - {"results":[{"gender":"male","name":{"title":"Mr","first":"Garry","last":"Parren"},"location":{"street":{"number":4131,"name":"De Steilsprong"},"city":"Eesveen","state":"Friesland","country":"Netherlands","postcode":75566,"coordinates":{"latitude":"41.2969","longitude":"-98.9355"},"timezone":{"offset":"+5:30","description":"Bombay, Calcutta, Madras, New Delhi"}},"email":"garry.parren@example.com","login":{"uuid":"48b6633b-5a86-4b2d-82fb-577bb1e768de","username":"yellowpanda425","password":"bettina","salt":"uNHxSiZb","md5":"2f37be372f155442373deb028ce44769","sha1":"10230a941d7af55cd8eb974aee611fa357a1dfca","sha256":"935df77092d04c121fe6206cb8906dfe44278c4d63fc1a582b0ab5cde325eabf"},"dob":{"date":"1968-05-26T08:49:18.353Z","age":54},"registered":{"date":"2010-01-29T02:41:44.763Z","age":12},"phone":"(709)-445-8814","cell":"(661)-561-6871","id":{"name":"BSN","value":"17400415"},"picture":{"large":"https://randomuser.me/api/portraits/men/69.jpg","medium":"https://randomuser.me/api/portraits/med/men/69.jpg","thumbnail":"https://randomuser.me/api/portraits/thumb/men/69.jpg"},"nat":"NL"}],"info":{"seed":"65758e511dc8cc7d","results":1,"page":1,"version":"1.3"}}
[2022-03-14 02:49:53,445] {taskinstance.py:1184} INFO - Marking task as SUCCESS. dag_id=user_processing, task_id=extracting_user, execution_date=20220314T024850, start_date=20220314T024953, end_date=20220314T024953
[2022-03-14 02:49:53,457] {taskinstance.py:1245} INFO - 1 downstream tasks scheduled from follow-on schedule check
[2022-03-14 02:49:53,470] {local_task_job.py:151} INFO - Task exited with return code 0
