[2022-03-13 21:48:49,436] {taskinstance.py:876} INFO - Dependencies all met for <TaskInstance: example_bash_operator.also_run_this 2022-03-11T00:00:00+00:00 [queued]>
[2022-03-13 21:48:49,439] {taskinstance.py:876} INFO - Dependencies all met for <TaskInstance: example_bash_operator.also_run_this 2022-03-11T00:00:00+00:00 [queued]>
[2022-03-13 21:48:49,439] {taskinstance.py:1067} INFO - 
--------------------------------------------------------------------------------
[2022-03-13 21:48:49,439] {taskinstance.py:1068} INFO - Starting attempt 1 of 1
[2022-03-13 21:48:49,439] {taskinstance.py:1069} INFO - 
--------------------------------------------------------------------------------
[2022-03-13 21:48:49,444] {taskinstance.py:1087} INFO - Executing <Task(BashOperator): also_run_this> on 2022-03-11T00:00:00+00:00
[2022-03-13 21:48:49,445] {standard_task_runner.py:52} INFO - Started process 22449 to run task
[2022-03-13 21:48:49,449] {standard_task_runner.py:76} INFO - Running: ['airflow', 'tasks', 'run', 'example_bash_operator', 'also_run_this', '2022-03-11T00:00:00+00:00', '--job-id', '7', '--pool', 'default_pool', '--raw', '--subdir', '/home/airflow/sandbox/lib/python3.8/site-packages/airflow/example_dags/example_bash_operator.py', '--cfg-path', '/tmp/tmpazi_5twv', '--error-file', '/tmp/tmp2bxr37wv']
[2022-03-13 21:48:49,450] {standard_task_runner.py:77} INFO - Job 7: Subtask also_run_this
[2022-03-13 21:48:49,475] {logging_mixin.py:104} INFO - Running <TaskInstance: example_bash_operator.also_run_this 2022-03-11T00:00:00+00:00 [running]> on host airflowvm
[2022-03-13 21:48:49,534] {taskinstance.py:1280} INFO - Exporting the following env vars:
AIRFLOW_CTX_DAG_OWNER=airflow
AIRFLOW_CTX_DAG_ID=example_bash_operator
AIRFLOW_CTX_TASK_ID=also_run_this
AIRFLOW_CTX_EXECUTION_DATE=2022-03-11T00:00:00+00:00
AIRFLOW_CTX_DAG_RUN_ID=scheduled__2022-03-11T00:00:00+00:00
[2022-03-13 21:48:49,534] {subprocess.py:52} INFO - Tmp dir root location: 
 /tmp
[2022-03-13 21:48:49,534] {subprocess.py:63} INFO - Running command: ['bash', '-c', 'echo "run_id=scheduled__2022-03-11T00:00:00+00:00 | dag_run=<DagRun example_bash_operator @ 2022-03-11 00:00:00+00:00: scheduled__2022-03-11T00:00:00+00:00, externally triggered: False>"']
[2022-03-13 21:48:49,537] {subprocess.py:75} INFO - Output:
[2022-03-13 21:48:49,538] {subprocess.py:79} INFO - run_id=scheduled__2022-03-11T00:00:00+00:00 | dag_run=<DagRun example_bash_operator @ 2022-03-11 00:00:00+00:00: scheduled__2022-03-11T00:00:00+00:00, externally triggered: False>
[2022-03-13 21:48:49,538] {subprocess.py:83} INFO - Command exited with return code 0
[2022-03-13 21:48:49,547] {taskinstance.py:1184} INFO - Marking task as SUCCESS. dag_id=example_bash_operator, task_id=also_run_this, execution_date=20220311T000000, start_date=20220313T214849, end_date=20220313T214849
[2022-03-13 21:48:49,557] {taskinstance.py:1245} INFO - 0 downstream tasks scheduled from follow-on schedule check
[2022-03-13 21:48:49,571] {local_task_job.py:151} INFO - Task exited with return code 0
