[2022-03-13 21:48:55,797] {taskinstance.py:876} INFO - Dependencies all met for <TaskInstance: example_bash_operator.runme_2 2022-03-12T00:00:00+00:00 [queued]>
[2022-03-13 21:48:55,803] {taskinstance.py:876} INFO - Dependencies all met for <TaskInstance: example_bash_operator.runme_2 2022-03-12T00:00:00+00:00 [queued]>
[2022-03-13 21:48:55,803] {taskinstance.py:1067} INFO - 
--------------------------------------------------------------------------------
[2022-03-13 21:48:55,803] {taskinstance.py:1068} INFO - Starting attempt 1 of 1
[2022-03-13 21:48:55,803] {taskinstance.py:1069} INFO - 
--------------------------------------------------------------------------------
[2022-03-13 21:48:55,811] {taskinstance.py:1087} INFO - Executing <Task(BashOperator): runme_2> on 2022-03-12T00:00:00+00:00
[2022-03-13 21:48:55,812] {standard_task_runner.py:52} INFO - Started process 22552 to run task
[2022-03-13 21:48:55,817] {standard_task_runner.py:76} INFO - Running: ['airflow', 'tasks', 'run', 'example_bash_operator', 'runme_2', '2022-03-12T00:00:00+00:00', '--job-id', '11', '--pool', 'default_pool', '--raw', '--subdir', '/home/airflow/sandbox/lib/python3.8/site-packages/airflow/example_dags/example_bash_operator.py', '--cfg-path', '/tmp/tmpuim9lsc1', '--error-file', '/tmp/tmp4ablkt7g']
[2022-03-13 21:48:55,818] {standard_task_runner.py:77} INFO - Job 11: Subtask runme_2
[2022-03-13 21:48:55,843] {logging_mixin.py:104} INFO - Running <TaskInstance: example_bash_operator.runme_2 2022-03-12T00:00:00+00:00 [running]> on host airflowvm
[2022-03-13 21:48:55,905] {taskinstance.py:1280} INFO - Exporting the following env vars:
AIRFLOW_CTX_DAG_OWNER=airflow
AIRFLOW_CTX_DAG_ID=example_bash_operator
AIRFLOW_CTX_TASK_ID=runme_2
AIRFLOW_CTX_EXECUTION_DATE=2022-03-12T00:00:00+00:00
AIRFLOW_CTX_DAG_RUN_ID=scheduled__2022-03-12T00:00:00+00:00
[2022-03-13 21:48:55,905] {subprocess.py:52} INFO - Tmp dir root location: 
 /tmp
[2022-03-13 21:48:55,906] {subprocess.py:63} INFO - Running command: ['bash', '-c', 'echo "example_bash_operator__runme_2__20220312" && sleep 1']
[2022-03-13 21:48:55,910] {subprocess.py:75} INFO - Output:
[2022-03-13 21:48:55,911] {subprocess.py:79} INFO - example_bash_operator__runme_2__20220312
[2022-03-13 21:48:56,912] {subprocess.py:83} INFO - Command exited with return code 0
[2022-03-13 21:48:56,930] {taskinstance.py:1184} INFO - Marking task as SUCCESS. dag_id=example_bash_operator, task_id=runme_2, execution_date=20220312T000000, start_date=20220313T214855, end_date=20220313T214856
[2022-03-13 21:48:56,942] {taskinstance.py:1245} INFO - 1 downstream tasks scheduled from follow-on schedule check
[2022-03-13 21:48:56,951] {local_task_job.py:151} INFO - Task exited with return code 0
