[2022-03-14 02:49:40,399] {taskinstance.py:876} INFO - Dependencies all met for <TaskInstance: user_processing.creating_table 2022-03-14T02:48:50.278738+00:00 [queued]>
[2022-03-14 02:49:40,403] {taskinstance.py:876} INFO - Dependencies all met for <TaskInstance: user_processing.creating_table 2022-03-14T02:48:50.278738+00:00 [queued]>
[2022-03-14 02:49:40,403] {taskinstance.py:1067} INFO - 
--------------------------------------------------------------------------------
[2022-03-14 02:49:40,403] {taskinstance.py:1068} INFO - Starting attempt 1 of 1
[2022-03-14 02:49:40,403] {taskinstance.py:1069} INFO - 
--------------------------------------------------------------------------------
[2022-03-14 02:49:40,409] {taskinstance.py:1087} INFO - Executing <Task(SqliteOperator): creating_table> on 2022-03-14T02:48:50.278738+00:00
[2022-03-14 02:49:40,410] {standard_task_runner.py:52} INFO - Started process 14009 to run task
[2022-03-14 02:49:40,417] {standard_task_runner.py:76} INFO - Running: ['airflow', 'tasks', 'run', 'user_processing', 'creating_table', '2022-03-14T02:48:50.278738+00:00', '--job-id', '20', '--pool', 'default_pool', '--raw', '--subdir', 'DAGS_FOLDER/user_processing.py', '--cfg-path', '/tmp/tmp54ianzpj', '--error-file', '/tmp/tmpdzdskd1c']
[2022-03-14 02:49:40,418] {standard_task_runner.py:77} INFO - Job 20: Subtask creating_table
[2022-03-14 02:49:40,445] {logging_mixin.py:104} INFO - Running <TaskInstance: user_processing.creating_table 2022-03-14T02:48:50.278738+00:00 [running]> on host airflowvm
[2022-03-14 02:49:40,472] {taskinstance.py:1280} INFO - Exporting the following env vars:
AIRFLOW_CTX_DAG_OWNER=airflow
AIRFLOW_CTX_DAG_ID=user_processing
AIRFLOW_CTX_TASK_ID=creating_table
AIRFLOW_CTX_EXECUTION_DATE=2022-03-14T02:48:50.278738+00:00
AIRFLOW_CTX_DAG_RUN_ID=manual__2022-03-14T02:48:50.278738+00:00
[2022-03-14 02:49:40,472] {sqlite.py:63} INFO - Executing: 
            CREATE TABLE IF NOT EXISTS users (
                firstname TEXT NOT NULL,
                lastname TEXT NOT NULL,
                country TEXT NOT NULL,
                username TEXT NOT NULL,
                password TEXT NOT NULL,
                email TEXT NOT NULL PRIMARY KEY
            );
        
[2022-03-14 02:49:40,475] {base.py:69} INFO - Using connection to: id: db_sqlite. Host: /home/airflow/airflow/airflow.db, Port: None, Schema: , Login: , Password: None, extra: {}
[2022-03-14 02:49:40,475] {dbapi.py:204} INFO - Running statement: 
            CREATE TABLE IF NOT EXISTS users (
                firstname TEXT NOT NULL,
                lastname TEXT NOT NULL,
                country TEXT NOT NULL,
                username TEXT NOT NULL,
                password TEXT NOT NULL,
                email TEXT NOT NULL PRIMARY KEY
            );
        , parameters: []
[2022-03-14 02:49:40,477] {taskinstance.py:1184} INFO - Marking task as SUCCESS. dag_id=user_processing, task_id=creating_table, execution_date=20220314T024850, start_date=20220314T024940, end_date=20220314T024940
[2022-03-14 02:49:40,494] {taskinstance.py:1245} INFO - 1 downstream tasks scheduled from follow-on schedule check
[2022-03-14 02:49:40,496] {local_task_job.py:151} INFO - Task exited with return code 0
