[2022-03-13 21:48:43,636] {taskinstance.py:876} INFO - Dependencies all met for <TaskInstance: example_bash_operator.runme_0 2022-03-11T00:00:00+00:00 [queued]>
[2022-03-13 21:48:43,640] {taskinstance.py:876} INFO - Dependencies all met for <TaskInstance: example_bash_operator.runme_0 2022-03-11T00:00:00+00:00 [queued]>
[2022-03-13 21:48:43,640] {taskinstance.py:1067} INFO - 
--------------------------------------------------------------------------------
[2022-03-13 21:48:43,640] {taskinstance.py:1068} INFO - Starting attempt 1 of 1
[2022-03-13 21:48:43,640] {taskinstance.py:1069} INFO - 
--------------------------------------------------------------------------------
[2022-03-13 21:48:43,645] {taskinstance.py:1087} INFO - Executing <Task(BashOperator): runme_0> on 2022-03-11T00:00:00+00:00
[2022-03-13 21:48:43,646] {standard_task_runner.py:52} INFO - Started process 22385 to run task
[2022-03-13 21:48:43,651] {standard_task_runner.py:76} INFO - Running: ['airflow', 'tasks', 'run', 'example_bash_operator', 'runme_0', '2022-03-11T00:00:00+00:00', '--job-id', '4', '--pool', 'default_pool', '--raw', '--subdir', '/home/airflow/sandbox/lib/python3.8/site-packages/airflow/example_dags/example_bash_operator.py', '--cfg-path', '/tmp/tmpt3_ydyju', '--error-file', '/tmp/tmp_icuu5p8']
[2022-03-13 21:48:43,652] {standard_task_runner.py:77} INFO - Job 4: Subtask runme_0
[2022-03-13 21:48:43,681] {logging_mixin.py:104} INFO - Running <TaskInstance: example_bash_operator.runme_0 2022-03-11T00:00:00+00:00 [running]> on host airflowvm
[2022-03-13 21:48:43,782] {taskinstance.py:1280} INFO - Exporting the following env vars:
AIRFLOW_CTX_DAG_OWNER=airflow
AIRFLOW_CTX_DAG_ID=example_bash_operator
AIRFLOW_CTX_TASK_ID=runme_0
AIRFLOW_CTX_EXECUTION_DATE=2022-03-11T00:00:00+00:00
AIRFLOW_CTX_DAG_RUN_ID=scheduled__2022-03-11T00:00:00+00:00
[2022-03-13 21:48:43,782] {subprocess.py:52} INFO - Tmp dir root location: 
 /tmp
[2022-03-13 21:48:43,782] {subprocess.py:63} INFO - Running command: ['bash', '-c', 'echo "example_bash_operator__runme_0__20220311" && sleep 1']
[2022-03-13 21:48:43,785] {subprocess.py:75} INFO - Output:
[2022-03-13 21:48:43,786] {subprocess.py:79} INFO - example_bash_operator__runme_0__20220311
[2022-03-13 21:48:44,787] {subprocess.py:83} INFO - Command exited with return code 0
[2022-03-13 21:48:44,807] {taskinstance.py:1184} INFO - Marking task as SUCCESS. dag_id=example_bash_operator, task_id=runme_0, execution_date=20220311T000000, start_date=20220313T214843, end_date=20220313T214844
[2022-03-13 21:48:44,817] {taskinstance.py:1245} INFO - 0 downstream tasks scheduled from follow-on schedule check
[2022-03-13 21:48:44,850] {local_task_job.py:151} INFO - Task exited with return code 0
