[2022-03-13 21:48:57,985] {taskinstance.py:876} INFO - Dependencies all met for <TaskInstance: example_bash_operator.run_after_loop 2022-03-11T00:00:00+00:00 [queued]>
[2022-03-13 21:48:57,989] {taskinstance.py:876} INFO - Dependencies all met for <TaskInstance: example_bash_operator.run_after_loop 2022-03-11T00:00:00+00:00 [queued]>
[2022-03-13 21:48:57,990] {taskinstance.py:1067} INFO - 
--------------------------------------------------------------------------------
[2022-03-13 21:48:57,990] {taskinstance.py:1068} INFO - Starting attempt 1 of 1
[2022-03-13 21:48:57,990] {taskinstance.py:1069} INFO - 
--------------------------------------------------------------------------------
[2022-03-13 21:48:57,995] {taskinstance.py:1087} INFO - Executing <Task(BashOperator): run_after_loop> on 2022-03-11T00:00:00+00:00
[2022-03-13 21:48:57,996] {standard_task_runner.py:52} INFO - Started process 22589 to run task
[2022-03-13 21:48:58,001] {standard_task_runner.py:76} INFO - Running: ['airflow', 'tasks', 'run', 'example_bash_operator', 'run_after_loop', '2022-03-11T00:00:00+00:00', '--job-id', '12', '--pool', 'default_pool', '--raw', '--subdir', '/home/airflow/sandbox/lib/python3.8/site-packages/airflow/example_dags/example_bash_operator.py', '--cfg-path', '/tmp/tmplslmp3zv', '--error-file', '/tmp/tmpdfn8otep']
[2022-03-13 21:48:58,002] {standard_task_runner.py:77} INFO - Job 12: Subtask run_after_loop
[2022-03-13 21:48:58,029] {logging_mixin.py:104} INFO - Running <TaskInstance: example_bash_operator.run_after_loop 2022-03-11T00:00:00+00:00 [running]> on host airflowvm
[2022-03-13 21:48:58,110] {taskinstance.py:1280} INFO - Exporting the following env vars:
AIRFLOW_CTX_DAG_OWNER=airflow
AIRFLOW_CTX_DAG_ID=example_bash_operator
AIRFLOW_CTX_TASK_ID=run_after_loop
AIRFLOW_CTX_EXECUTION_DATE=2022-03-11T00:00:00+00:00
AIRFLOW_CTX_DAG_RUN_ID=scheduled__2022-03-11T00:00:00+00:00
[2022-03-13 21:48:58,110] {subprocess.py:52} INFO - Tmp dir root location: 
 /tmp
[2022-03-13 21:48:58,110] {subprocess.py:63} INFO - Running command: ['bash', '-c', 'echo 1']
[2022-03-13 21:48:58,120] {subprocess.py:75} INFO - Output:
[2022-03-13 21:48:58,120] {subprocess.py:79} INFO - 1
[2022-03-13 21:48:58,120] {subprocess.py:83} INFO - Command exited with return code 0
[2022-03-13 21:48:58,135] {taskinstance.py:1184} INFO - Marking task as SUCCESS. dag_id=example_bash_operator, task_id=run_after_loop, execution_date=20220311T000000, start_date=20220313T214857, end_date=20220313T214858
[2022-03-13 21:48:58,152] {taskinstance.py:1245} INFO - 0 downstream tasks scheduled from follow-on schedule check
[2022-03-13 21:48:58,173] {local_task_job.py:151} INFO - Task exited with return code 0
