[2022-03-13 21:48:59,061] {taskinstance.py:876} INFO - Dependencies all met for <TaskInstance: example_bash_operator.also_run_this 2022-03-12T00:00:00+00:00 [queued]>
[2022-03-13 21:48:59,064] {taskinstance.py:876} INFO - Dependencies all met for <TaskInstance: example_bash_operator.also_run_this 2022-03-12T00:00:00+00:00 [queued]>
[2022-03-13 21:48:59,064] {taskinstance.py:1067} INFO - 
--------------------------------------------------------------------------------
[2022-03-13 21:48:59,064] {taskinstance.py:1068} INFO - Starting attempt 1 of 1
[2022-03-13 21:48:59,064] {taskinstance.py:1069} INFO - 
--------------------------------------------------------------------------------
[2022-03-13 21:48:59,069] {taskinstance.py:1087} INFO - Executing <Task(BashOperator): also_run_this> on 2022-03-12T00:00:00+00:00
[2022-03-13 21:48:59,070] {standard_task_runner.py:52} INFO - Started process 22614 to run task
[2022-03-13 21:48:59,075] {standard_task_runner.py:76} INFO - Running: ['airflow', 'tasks', 'run', 'example_bash_operator', 'also_run_this', '2022-03-12T00:00:00+00:00', '--job-id', '13', '--pool', 'default_pool', '--raw', '--subdir', '/home/airflow/sandbox/lib/python3.8/site-packages/airflow/example_dags/example_bash_operator.py', '--cfg-path', '/tmp/tmp90o3xi7y', '--error-file', '/tmp/tmpk5gx4nib']
[2022-03-13 21:48:59,075] {standard_task_runner.py:77} INFO - Job 13: Subtask also_run_this
[2022-03-13 21:48:59,100] {logging_mixin.py:104} INFO - Running <TaskInstance: example_bash_operator.also_run_this 2022-03-12T00:00:00+00:00 [running]> on host airflowvm
[2022-03-13 21:48:59,160] {taskinstance.py:1280} INFO - Exporting the following env vars:
AIRFLOW_CTX_DAG_OWNER=airflow
AIRFLOW_CTX_DAG_ID=example_bash_operator
AIRFLOW_CTX_TASK_ID=also_run_this
AIRFLOW_CTX_EXECUTION_DATE=2022-03-12T00:00:00+00:00
AIRFLOW_CTX_DAG_RUN_ID=scheduled__2022-03-12T00:00:00+00:00
[2022-03-13 21:48:59,160] {subprocess.py:52} INFO - Tmp dir root location: 
 /tmp
[2022-03-13 21:48:59,160] {subprocess.py:63} INFO - Running command: ['bash', '-c', 'echo "run_id=scheduled__2022-03-12T00:00:00+00:00 | dag_run=<DagRun example_bash_operator @ 2022-03-12 00:00:00+00:00: scheduled__2022-03-12T00:00:00+00:00, externally triggered: False>"']
[2022-03-13 21:48:59,163] {subprocess.py:75} INFO - Output:
[2022-03-13 21:48:59,164] {subprocess.py:79} INFO - run_id=scheduled__2022-03-12T00:00:00+00:00 | dag_run=<DagRun example_bash_operator @ 2022-03-12 00:00:00+00:00: scheduled__2022-03-12T00:00:00+00:00, externally triggered: False>
[2022-03-13 21:48:59,164] {subprocess.py:83} INFO - Command exited with return code 0
[2022-03-13 21:48:59,174] {taskinstance.py:1184} INFO - Marking task as SUCCESS. dag_id=example_bash_operator, task_id=also_run_this, execution_date=20220312T000000, start_date=20220313T214859, end_date=20220313T214859
[2022-03-13 21:48:59,185] {taskinstance.py:1245} INFO - 0 downstream tasks scheduled from follow-on schedule check
[2022-03-13 21:48:59,197] {local_task_job.py:151} INFO - Task exited with return code 0
