[2022-03-13 21:48:51,938] {taskinstance.py:876} INFO - Dependencies all met for <TaskInstance: example_bash_operator.runme_0 2022-03-12T00:00:00+00:00 [queued]>
[2022-03-13 21:48:51,943] {taskinstance.py:876} INFO - Dependencies all met for <TaskInstance: example_bash_operator.runme_0 2022-03-12T00:00:00+00:00 [queued]>
[2022-03-13 21:48:51,943] {taskinstance.py:1067} INFO - 
--------------------------------------------------------------------------------
[2022-03-13 21:48:51,944] {taskinstance.py:1068} INFO - Starting attempt 1 of 1
[2022-03-13 21:48:51,944] {taskinstance.py:1069} INFO - 
--------------------------------------------------------------------------------
[2022-03-13 21:48:51,954] {taskinstance.py:1087} INFO - Executing <Task(BashOperator): runme_0> on 2022-03-12T00:00:00+00:00
[2022-03-13 21:48:51,956] {standard_task_runner.py:52} INFO - Started process 22488 to run task
[2022-03-13 21:48:51,963] {standard_task_runner.py:76} INFO - Running: ['airflow', 'tasks', 'run', 'example_bash_operator', 'runme_0', '2022-03-12T00:00:00+00:00', '--job-id', '9', '--pool', 'default_pool', '--raw', '--subdir', '/home/airflow/sandbox/lib/python3.8/site-packages/airflow/example_dags/example_bash_operator.py', '--cfg-path', '/tmp/tmppp7zt56l', '--error-file', '/tmp/tmp45wfq8lr']
[2022-03-13 21:48:51,963] {standard_task_runner.py:77} INFO - Job 9: Subtask runme_0
[2022-03-13 21:48:52,020] {logging_mixin.py:104} INFO - Running <TaskInstance: example_bash_operator.runme_0 2022-03-12T00:00:00+00:00 [running]> on host airflowvm
[2022-03-13 21:48:52,084] {taskinstance.py:1280} INFO - Exporting the following env vars:
AIRFLOW_CTX_DAG_OWNER=airflow
AIRFLOW_CTX_DAG_ID=example_bash_operator
AIRFLOW_CTX_TASK_ID=runme_0
AIRFLOW_CTX_EXECUTION_DATE=2022-03-12T00:00:00+00:00
AIRFLOW_CTX_DAG_RUN_ID=scheduled__2022-03-12T00:00:00+00:00
[2022-03-13 21:48:52,085] {subprocess.py:52} INFO - Tmp dir root location: 
 /tmp
[2022-03-13 21:48:52,085] {subprocess.py:63} INFO - Running command: ['bash', '-c', 'echo "example_bash_operator__runme_0__20220312" && sleep 1']
[2022-03-13 21:48:52,088] {subprocess.py:75} INFO - Output:
[2022-03-13 21:48:52,090] {subprocess.py:79} INFO - example_bash_operator__runme_0__20220312
[2022-03-13 21:48:53,091] {subprocess.py:83} INFO - Command exited with return code 0
[2022-03-13 21:48:53,100] {taskinstance.py:1184} INFO - Marking task as SUCCESS. dag_id=example_bash_operator, task_id=runme_0, execution_date=20220312T000000, start_date=20220313T214851, end_date=20220313T214853
[2022-03-13 21:48:53,110] {taskinstance.py:1245} INFO - 0 downstream tasks scheduled from follow-on schedule check
[2022-03-13 21:48:53,121] {local_task_job.py:151} INFO - Task exited with return code 0
